checking for xcrun... no
checking for GNU Make... make
checking build system type... x86_64-pc-linux-gnu
checking host system type... x86_64-pc-linux-gnu
checking for gcc... gcc
checking whether the C compiler works... yes
checking for C compiler default output file name... a.out
checking for suffix of executables... 
checking whether we are cross compiling... no
checking for suffix of object files... o
checking whether we are using the GNU C compiler... yes
checking whether gcc accepts -g... yes
checking for gcc option to enable C11 features... none needed
checking whether gcc and cc understand -c and -o together... yes
checking for putenv... yes
checking for sbrk... yes
checking for fchmod... yes
checking for readlinkat... yes
checking for explicit_bzero... no
checking for faccessat... yes
checking for fcntl... yes
checking for fdopendir... yes
checking for fstatat... yes
checking for fsync... yes
checking for gettimeofday... yes
checking for nanotime... no
checking for lstat... yes
checking for mkostemp... yes
checking for tzset... yes
checking for pipe2... yes
checking for pselect... yes
checking for readlink... yes
checking for strtoimax... yes
checking for symlink... yes
checking for localtime_r... yes
checking for timegm... yes
checking for futimes... yes
checking for futimesat... yes
checking for futimens... yes
checking for utimensat... yes
checking for lutimes... yes
checking for getdtablesize... yes
checking how to run the C preprocessor... gcc -E
checking for grep that handles long lines and -e... /bin/grep
checking for egrep... /bin/grep -E
checking for ANSI C header files... yes
checking for sys/types.h... yes
checking for sys/stat.h... yes
checking for stdlib.h... yes
checking for string.h... yes
checking for memory.h... yes
checking for strings.h... yes
checking for inttypes.h... yes
checking for stdint.h... yes
checking for unistd.h... yes
checking minix/config.h usability... no
checking minix/config.h presence... no
checking for minix/config.h... no
checking whether it is safe to define __EXTENSIONS__... yes
checking whether _XOPEN_SOURCE should be defined... no
checking for Minix Amsterdam compiler... no
checking for ar... ar
checking for ranlib... ranlib
checking for special C compiler options needed for large files... no
checking for _FILE_OFFSET_BITS value needed for large files... no
checking whether gcc accepts -g3 -O2... yes
checking whether the compiler is clang... no
checking whether C compiler handles -Werror -Wunknown-warning-option... no
checking whether -Wno-missing-field-initializers is supported... yes
checking whether -Wno-missing-field-initializers is needed... no
checking whether -Wuninitialized is supported... yes
checking max safe object size... 9223372036854775807
checking whether C compiler handles -fno-common... yes
checking whether C compiler handles -W... yes
checking whether C compiler handles -Wabi... yes
checking whether C compiler handles -Waddress... yes
checking whether C compiler handles -Waggressive-loop-optimizations... yes
checking whether C compiler handles -Wall... yes
checking whether C compiler handles -Wattributes... yes
checking whether C compiler handles -Wbool-compare... yes
checking whether C compiler handles -Wbool-operation... no
checking whether C compiler handles -Wbuiltin-declaration-mismatch... no
checking whether C compiler handles -Wbuiltin-macro-redefined... yes
checking whether C compiler handles -Wcast-align... yes
checking whether C compiler handles -Wchar-subscripts... yes
checking whether C compiler handles -Wchkp... yes
checking whether C compiler handles -Wclobbered... yes
checking whether C compiler handles -Wcomment... yes
checking whether C compiler handles -Wcomments... yes
checking whether C compiler handles -Wcoverage-mismatch... yes
checking whether C compiler handles -Wcpp... yes
checking whether C compiler handles -Wdangling-else... no
checking whether C compiler handles -Wdate-time... yes
checking whether C compiler handles -Wdeprecated... yes
checking whether C compiler handles -Wdeprecated-declarations... yes
checking whether C compiler handles -Wdesignated-init... yes
checking whether C compiler handles -Wdisabled-optimization... yes
checking whether C compiler handles -Wdiscarded-array-qualifiers... yes
checking whether C compiler handles -Wdiscarded-qualifiers... yes
checking whether C compiler handles -Wdiv-by-zero... yes
checking whether C compiler handles -Wdouble-promotion... yes
checking whether C compiler handles -Wduplicated-cond... no
checking whether C compiler handles -Wduplicate-decl-specifier... no
checking whether C compiler handles -Wempty-body... yes
checking whether C compiler handles -Wendif-labels... yes
checking whether C compiler handles -Wenum-compare... yes
checking whether C compiler handles -Wexpansion-to-defined... no
checking whether C compiler handles -Wextra... yes
checking whether C compiler handles -Wformat-contains-nul... yes
checking whether C compiler handles -Wformat-extra-args... yes
checking whether C compiler handles -Wformat-security... yes
checking whether C compiler handles -Wformat-signedness... yes
checking whether C compiler handles -Wformat-y2k... yes
checking whether C compiler handles -Wformat-zero-length... yes
checking whether C compiler handles -Wframe-address... no
checking whether C compiler handles -Wfree-nonheap-object... yes
checking whether C compiler handles -Whsa... no
checking whether C compiler handles -Wignored-attributes... no
checking whether C compiler handles -Wignored-qualifiers... yes
checking whether C compiler handles -Wimplicit... yes
checking whether C compiler handles -Wimplicit-function-declaration... yes
checking whether C compiler handles -Wimplicit-int... yes
checking whether C compiler handles -Wincompatible-pointer-types... yes
checking whether C compiler handles -Winit-self... yes
checking whether C compiler handles -Wint-conversion... yes
checking whether C compiler handles -Wint-in-bool-context... no
checking whether C compiler handles -Wint-to-pointer-cast... yes
checking whether C compiler handles -Winvalid-memory-model... yes
checking whether C compiler handles -Winvalid-pch... yes
checking whether C compiler handles -Wjump-misses-init... yes
checking whether C compiler handles -Wlogical-not-parentheses... yes
checking whether C compiler handles -Wlogical-op... yes
checking whether C compiler handles -Wmain... yes
checking whether C compiler handles -Wmaybe-uninitialized... yes
checking whether C compiler handles -Wmemset-elt-size... no
checking whether C compiler handles -Wmemset-transposed-args... yes
checking whether C compiler handles -Wmisleading-indentation... no
checking whether C compiler handles -Wmissing-braces... yes
checking whether C compiler handles -Wmissing-declarations... yes
checking whether C compiler handles -Wmissing-include-dirs... yes
checking whether C compiler handles -Wmissing-parameter-type... yes
checking whether C compiler handles -Wmissing-prototypes... yes
checking whether C compiler handles -Wmultichar... yes
checking whether C compiler handles -Wnarrowing... yes
checking whether C compiler handles -Wnested-externs... yes
checking whether C compiler handles -Wnonnull... yes
checking whether C compiler handles -Wnonnull-compare... no
checking whether C compiler handles -Wnull-dereference... no
checking whether C compiler handles -Wodr... yes
checking whether C compiler handles -Wold-style-declaration... yes
checking whether C compiler handles -Wold-style-definition... yes
checking whether C compiler handles -Wopenmp-simd... yes
checking whether C compiler handles -Woverflow... yes
checking whether C compiler handles -Wpacked... yes
checking whether C compiler handles -Wpacked-bitfield-compat... yes
checking whether C compiler handles -Wparentheses... yes
checking whether C compiler handles -Wpointer-arith... yes
checking whether C compiler handles -Wpointer-compare... no
checking whether C compiler handles -Wpointer-sign... yes
checking whether C compiler handles -Wpointer-to-int-cast... yes
checking whether C compiler handles -Wpragmas... yes
checking whether C compiler handles -Wpsabi... yes
checking whether C compiler handles -Wrestrict... no
checking whether C compiler handles -Wreturn-local-addr... yes
checking whether C compiler handles -Wreturn-type... yes
checking whether C compiler handles -Wscalar-storage-order... no
checking whether C compiler handles -Wsequence-point... yes
checking whether C compiler handles -Wshift-count-negative... yes
checking whether C compiler handles -Wshift-count-overflow... yes
checking whether C compiler handles -Wshift-negative-value... no
checking whether C compiler handles -Wsizeof-array-argument... yes
checking whether C compiler handles -Wsizeof-pointer-memaccess... yes
checking whether C compiler handles -Wstrict-aliasing... yes
checking whether C compiler handles -Wstrict-prototypes... yes
checking whether C compiler handles -Wsuggest-attribute=format... yes
checking whether C compiler handles -Wsuggest-attribute=noreturn... yes
checking whether C compiler handles -Wsuggest-final-methods... yes
checking whether C compiler handles -Wsuggest-final-types... yes
checking whether C compiler handles -Wswitch-bool... yes
checking whether C compiler handles -Wswitch-unreachable... no
checking whether C compiler handles -Wtautological-compare... no
checking whether C compiler handles -Wtrampolines... yes
checking whether C compiler handles -Wtrigraphs... yes
checking whether C compiler handles -Wuninitialized... yes
checking whether C compiler handles -Wunknown-pragmas... yes
checking whether C compiler handles -Wunused... yes
checking whether C compiler handles -Wunused-but-set-parameter... yes
checking whether C compiler handles -Wunused-but-set-variable... yes
checking whether C compiler handles -Wunused-function... yes
checking whether C compiler handles -Wunused-label... yes
checking whether C compiler handles -Wunused-local-typedefs... yes
checking whether C compiler handles -Wunused-macros... yes
checking whether C compiler handles -Wunused-result... yes
checking whether C compiler handles -Wunused-value... yes
checking whether C compiler handles -Wunused-variable... yes
checking whether C compiler handles -Wvarargs... yes
checking whether C compiler handles -Wvariadic-macros... yes
checking whether C compiler handles -Wvector-operation-performance... yes
checking whether C compiler handles -Wvolatile-register-var... yes
checking whether C compiler handles -Wwrite-strings... yes
checking whether C compiler handles -Walloc-size-larger-than=9223372036854775807... no
checking whether C compiler handles -Warray-bounds=2... yes
checking whether C compiler handles -Wformat-truncation=2... no
checking whether C compiler handles -Wimplicit-fallthrough=5... no
checking whether C compiler handles -Wnormalized=nfc... yes
checking whether C compiler handles -Wshift-overflow=2... no
checking whether C compiler handles -Wstringop-overflow=2... no
checking whether C compiler handles -Wvla-larger-than=4031... no
checking whether C compiler handles -Wredundant-decls... yes
checking whether C compiler handles -Wno-bool-operation... no
checking whether C compiler handles -Wno-implicit-fallthrough... no
checking whether C compiler handles -Wno-missing-field-initializers... yes
checking whether C compiler handles -Wno-override-init... yes
checking whether C compiler handles -Wno-sign-compare... yes
checking whether C compiler handles -Wno-type-limits... yes
checking whether C compiler handles -Wno-unused-parameter... yes
checking whether C compiler handles -Wno-format-nonliteral... yes
checking for a BSD-compatible install... /usr/bin/install -c
checking command to symlink files in the same directory... ln -s
checking for install-info... /usr/bin/install-info
checking for gzip... /bin/gzip
checking for 'find' args to delete a file... -delete
checking for setfattr... no
checking for paxctl... no
checking for -znocombreloc... yes
checking whether addresses are sanitized... no
checking for library containing sqrt... -lm
checking for pkg-config... /usr/bin/pkg-config
checking pkg-config is at least version 0.9.0... yes
checking for machine/soundcard.h... no
checking for sys/soundcard.h... yes
checking for soundcard.h... no
checking for mmsystem.h... no
checking for _oss_ioctl in -lossaudio... no
checking for ALSA... no
checking for linux/fs.h... yes
checking for malloc.h... yes
checking for sys/systeminfo.h... no
checking for sys/sysinfo.h... yes
checking for coff.h... no
checking for pty.h... yes
checking for sys/resource.h... yes
checking for sys/utsname.h... yes
checking for pwd.h... yes
checking for utmp.h... yes
checking for util.h... no
checking for sys/prctl.h... yes
checking for sys/socket.h... yes
checking for stdlib.h... (cached) yes
checking for unistd.h... (cached) yes
checking for sys/param.h... yes
checking for pthread.h... yes
checking for malloc/malloc.h... no
checking for sys/un.h... yes
checking for dirent.h... yes
checking for execinfo.h... yes
checking for stdio_ext.h... yes
checking for getopt.h... yes
checking for sys/cdefs.h... yes
checking for sys/time.h... yes
checking for limits.h... yes
checking for wchar.h... yes
checking for stdint.h... (cached) yes
checking for inttypes.h... (cached) yes
checking for sys/select.h... yes
checking for sys/stat.h... (cached) yes
checking for ADDR_NO_RANDOMIZE... yes
checking if Linux sysinfo may be used... yes
checking for term.h... no
checking whether time.h and sys/time.h may both be included... yes
checking whether sys_siglist is declared... yes
checking for sys/wait.h that is POSIX.1 compatible... yes
checking for net/if.h... yes
checking for ifaddrs.h... yes
checking for net/if_dl.h... no
checking for struct ifreq.ifr_flags... yes
checking for struct ifreq.ifr_hwaddr... yes
checking for struct ifreq.ifr_netmask... yes
checking for struct ifreq.ifr_broadaddr... yes
checking for struct ifreq.ifr_addr... yes
checking for struct ifreq.ifr_addr.sa_len... no
checking whether gcc understands -MMD -MF... yes
checking for X... libraries , headers 
checking whether malloc is Doug Lea style... yes
checking sys/vlimit.h usability... yes
checking sys/vlimit.h presence... yes
checking for sys/vlimit.h... yes
checking for data_start... yes
checking for getpagesize... yes
checking for working mmap... yes
checking for main in -lXbsd... no
checking for pthread library... -lpthread
checking for thread support... yes
checking whether X on GNU/Linux needs -b to link... no
checking for Xkb... yes
checking for XrmSetDatabase... yes
checking for XScreenResourceString... yes
checking for XScreenNumberOfScreen... yes
checking X11 version 6... 6 or newer
checking for RSVG... yes
checking for IMAGEMAGICK... yes
checking for MagickRelinquishMemory... yes
checking for MagickExportImagePixels... yes
checking for MagickMergeImageLayers... yes
checking for MagickAutoOrientImage... yes
checking for getaddrinfo_a in -lanl... yes
checking for GTK... yes
checking whether GTK compiles... yes
checking whether GTK_TYPE_FILE_SELECTION is declared... no
checking whether GTK_TYPE_HANDLE_BOX is declared... yes
checking for gtk_handle_box_new... yes
checking whether GTK_TYPE_TEAROFF_MENU_ITEM is declared... yes
checking for gtk_tearoff_menu_item_new... yes
checking for gtk_widget_get_window... yes
checking for gtk_widget_set_has_window... yes
checking for gtk_dialog_get_action_area... yes
checking for gtk_widget_get_sensitive... yes
checking for gtk_widget_get_mapped... yes
checking for gtk_adjustment_get_page_size... yes
checking for gtk_orientable_set_orientation... yes
checking for gtk_window_set_has_resize_grip... yes
checking for WEBKIT... yes
checking for DBUS... yes
checking for dbus_watch_get_unix_fd... yes
checking for dbus_type_is_valid... yes
checking for dbus_validate_bus_name... yes
checking for dbus_validate_path... yes
checking for dbus_validate_interface... yes
checking for dbus_validate_member... yes
checking for GSETTINGS... yes
checking whether GSettings is in gio... yes
checking for GOBJECT... yes
checking for lgetfilecon in -lselinux... no
checking for LIBGNUTLS... yes
checking for LIBSYSTEMD... no
checking sys/inotify.h usability... yes
checking sys/inotify.h presence... yes
checking for sys/inotify.h... yes
checking for inotify_init1... yes
checking for FONTCONFIG... yes
checking for XFT... yes
checking for XRenderQueryExtension in -lXrender... yes
checking for X11/Xft/Xft.h... yes
checking for XftFontOpen in -lXft... yes
checking for FREETYPE... yes
checking for LIBOTF... no
checking X11/Xlib-xcb.h usability... yes
checking X11/Xlib-xcb.h presence... yes
checking for X11/Xlib-xcb.h... yes
checking for xcb_translate_coordinates in -lxcb... yes
checking for XGetXCBConnection in -lX11-xcb... yes
checking X11/xpm.h usability... yes
checking X11/xpm.h presence... yes
checking for X11/xpm.h... yes
checking for XpmReadFileToPixmap in -lXpm... yes
checking for XpmReturnAllocPixels preprocessor define... yes
checking for jpeglib 6b or later... -ljpeg
checking for library containing cmsCreateTransform... -llcms2
checking for library containing inflateEnd... -lz
checking for dladdr... yes
checking for dlfunc... no
checking for png... yes
checking whether png_longjmp is declared... no
checking tiffio.h usability... yes
checking tiffio.h presence... yes
checking for tiffio.h... yes
checking for TIFFGetVersion in -ltiff... yes
checking gif_lib.h usability... yes
checking gif_lib.h presence... yes
checking for gif_lib.h... yes
checking for GifMakeMapObject in -lgif... yes
checking gpm.h usability... no
checking gpm.h presence... no
checking for gpm.h... no
checking X11/SM/SMlib.h usability... yes
checking X11/SM/SMlib.h presence... yes
checking for X11/SM/SMlib.h... yes
checking for SmcOpenConnection in -lSM... yes
checking for XRANDR... yes
checking for XINERAMA... yes
checking for XFIXES... yes
checking for X11/extensions/Xdbe.h... yes
checking for XdbeAllocateBackBufferName in -lXext... yes
checking for LIBXML2... yes
checking for htmlReadMemory in -lxml2... yes
checking for maillock in -lmail... no
checking for maillock in -llockfile... no
checking for liblockfile.so... no
checking maillock.h usability... no
checking maillock.h presence... no
checking for maillock.h... no
checking for accept4... yes
checking for fchdir... yes
checking for gethostname... yes
checking for getrusage... yes
checking for get_current_dir_name... yes
checking for lrand48... yes
checking for random... yes
checking for rint... yes
checking for trunc... yes
checking for select... yes
checking for getpagesize... (cached) yes
checking for setlocale... yes
checking for newlocale... yes
checking for getrlimit... yes
checking for setrlimit... yes
checking for shutdown... yes
checking for pthread_sigmask... (cached) yes
checking for strsignal... yes
checking for setitimer... yes
checking for sendto... yes
checking for recvfrom... yes
checking for getsockname... yes
checking for getifaddrs... yes
checking for freeifaddrs... yes
checking for gai_strerror... yes
checking for sync... yes
checking for getpwent... yes
checking for endpwent... yes
checking for getgrent... yes
checking for endgrent... yes
checking for cfmakeraw... yes
checking for cfsetspeed... yes
checking for __executable_start... yes
checking for log2... yes
checking for prctl... yes
checking for aligned_alloc... yes
checking whether aligned_alloc is declared... yes
checking for __builtin_frame_address... yes
checking for __builtin_unwind_init... yes
checking for _LARGEFILE_SOURCE value needed for large files... no
checking for grantpt... yes
checking for getpt... yes
checking for posix_openpt... yes
checking for library containing tputs... -ltinfo
checking for timerfd interface... yes
checking whether signals can be handled on alternate stack... yes
checking valgrind/valgrind.h usability... no
checking valgrind/valgrind.h presence... no
checking for valgrind/valgrind.h... no
checking for struct unipair.unicode... yes
checking for socket... yes
checking netinet/in.h usability... yes
checking netinet/in.h presence... yes
checking for netinet/in.h... yes
checking arpa/inet.h usability... yes
checking arpa/inet.h presence... yes
checking for arpa/inet.h... yes
checking for pid_t... yes
checking vfork.h usability... no
checking vfork.h presence... no
checking for vfork.h... no
checking for fork... yes
checking for vfork... yes
checking for working fork... yes
checking for working vfork... (cached) yes
checking for snprintf... yes
checking whether GLib is linked in... yes
checking for nl_langinfo and CODESET... yes
checking for mbstate_t... yes
checking for signals via characters... yes
checking for _setjmp... yes
checking for sigsetjmp... yes
checking for usable FIONREAD... yes
checking for usable SIGIO... yes
checking for working alloca.h... yes
checking for alloca... yes
checking for unsigned long long int... yes
checking whether byte ordering is bigendian... no
checking whether the preprocessor supports include_next... yes
checking whether system header files limit the line length... no
checking whether strtold conforms to C99... yes
checking if environ is properly declared... yes
checking for complete errno.h... yes
checking whether lstat correctly handles trailing slash... yes
checking for mode_t... yes
checking whether fdatasync is declared... yes
checking for st_dm_mode in struct stat... no
checking whether strmode is declared... no
checking for gawk... gawk
checking for getopt.h... (cached) yes
checking for getopt_long_only... yes
checking whether getopt is POSIX compatible... yes
checking for working GNU getopt function... yes
checking for working GNU getopt_long function... yes
checking for C/C++ restrict keyword... __restrict
checking for struct timeval... yes
checking for wide-enough struct timeval.tv_sec member... yes
checking whether limits.h has ULLONG_WIDTH etc.... no
checking for long long int... yes
checking whether stdint.h conforms to C99... yes
checking whether stdint.h predates C++11... no
checking whether stdint.h has UINTMAX_WIDTH etc.... no
checking whether memrchr is declared... yes
checking whether <limits.h> defines MIN and MAX... no
checking whether <sys/param.h> defines MIN and MAX... yes
checking whether time_t is signed... yes
checking whether alarm is declared... yes
checking for working mktime... yes
checking whether struct tm is in sys/time.h or time.h... time.h
checking for struct tm.tm_zone... yes
checking for struct tm.tm_gmtoff... yes
checking whether <sys/select.h> is self-contained... yes
checking for sigset_t... yes
checking for wchar_t... yes
checking whether strtoimax is declared... yes
checking for a thread-safe mkdir -p... /bin/mkdir -p
checking whether stat file-mode macros are broken... no
checking for struct timespec in <time.h>... yes
checking whether clearerr_unlocked is declared... yes
checking whether feof_unlocked is declared... yes
checking whether ferror_unlocked is declared... yes
checking whether fflush_unlocked is declared... yes
checking whether fgets_unlocked is declared... yes
checking whether fputc_unlocked is declared... yes
checking whether fputs_unlocked is declared... yes
checking whether fread_unlocked is declared... yes
checking whether fwrite_unlocked is declared... yes
checking whether getc_unlocked is declared... yes
checking whether getchar_unlocked is declared... yes
checking whether putc_unlocked is declared... yes
checking whether putchar_unlocked is declared... yes
checking whether the utimes function works... yes
checking type of array argument to getgroups... gid_t
checking whether getdtablesize is declared... yes
checking for O_CLOEXEC... yes
checking for promoted mode_t type... mode_t
checking sys/acl.h usability... no
checking sys/acl.h presence... no
checking for sys/acl.h... no
checking for alloca as a compiler built-in... yes
checking byteswap.h usability... yes
checking byteswap.h presence... yes
checking for byteswap.h... yes
checking for library containing clock_gettime... none required
checking for clock_gettime... yes
checking for clock_settime... yes
checking for d_type member in directory struct... yes
checking whether dup2 works... yes
checking for library containing backtrace_symbols_fd... none required
checking for explicit_memset... no
checking whether fcntl handles F_DUPFD correctly... yes
checking whether fcntl understands F_DUPFD_CLOEXEC... needs runtime check
checking for library containing fdatasync... none required
checking whether fdopendir is declared... yes
checking whether fdopendir works... yes
checking for flexible array member... yes
checking for __fpending... yes
checking whether __fpending is declared... yes
checking whether fstatat (..., 0) works... yes
checking for getloadavg... yes
checking sys/loadavg.h usability... no
checking sys/loadavg.h presence... no
checking for sys/loadavg.h... no
checking whether getloadavg is declared... yes
checking whether gettimeofday clobbers localtime buffer... no
checking for gettimeofday with POSIX signature... almost
checking for memrchr... yes
checking whether signature of pselect conforms to POSIX... yes
checking whether pselect detects invalid fds... yes
checking whether pthread_sigmask returns error numbers... yes
checking whether pthread_sigmask unblocks signals correctly... guessing yes
checking whether readlink signature is correct... yes
checking whether readlink handles trailing slash correctly... yes
checking whether readlinkat signature is correct... yes
checking for sig2str... no
checking for volatile sig_atomic_t... yes
checking for sighandler_t... yes
checking for socklen_t... yes
checking for ssize_t... yes
checking for struct stat.st_atim.tv_nsec... yes
checking whether struct stat.st_atim is of type struct timespec... yes
checking for struct stat.st_birthtimespec.tv_nsec... no
checking for struct stat.st_birthtimensec... no
checking for struct stat.st_birthtim.tv_nsec... no
checking for working stdalign.h... yes
checking for max_align_t... yes
checking whether NULL can be used in arbitrary expressions... yes
checking which flavor of printf attribute matches inttypes macros... system
checking for stpcpy... yes
checking whether strtoimax works... yes
checking whether symlink handles trailing slash correctly... yes
checking for nlink_t... yes
checking whether localtime_r is declared... yes
checking whether localtime_r is compatible with its POSIX signature... yes
checking for timezone_t... no
checking for library containing timer_settime... -lrt
checking for timer_settime... yes
checking for variable-length arrays... yes
checking whether getdtablesize works... yes
checking for gcc option to disable position independent executables... -no-pie

Configured for 'x86_64-pc-linux-gnu'.

  Where should the build process find the source code?    .
  What compiler should emacs be built with?               gcc -g3 -O2
  Should Emacs use the GNU version of malloc?             yes
      (Using Doug Lea's new malloc from the GNU C Library.)
  Should Emacs use a relocating allocator for buffers?    no
  Should Emacs use mmap(2) for buffer allocation?         no
  What window system should Emacs use?                    x11
  What toolkit should Emacs use?                          GTK3
  Where do we find X Windows header files?                Standard dirs
  Where do we find X Windows libraries?                   Standard dirs
  Does Emacs use -lXaw3d?                                 no
  Does Emacs use -lXpm?                                   yes
  Does Emacs use -ljpeg?                                  yes
  Does Emacs use -ltiff?                                  yes
  Does Emacs use a gif library?                           yes -lgif
  Does Emacs use a png library?                           yes -lpng12
  Does Emacs use -lrsvg-2?                                yes
  Does Emacs use cairo?                                   no
  Does Emacs use -llcms2?                                 yes
  Does Emacs use imagemagick (version 6)?                 yes
  Does Emacs support sound?                               yes
  Does Emacs use -lgpm?                                   no
  Does Emacs use -ldbus?                                  yes
  Does Emacs use -lgconf?                                 no
  Does Emacs use GSettings?                               yes
  Does Emacs use a file notification library?             yes -lglibc (inotify)
  Does Emacs use access control lists?                    no
  Does Emacs use -lselinux?                               no
  Does Emacs use -lgnutls?                                yes
  Does Emacs use -lxml2?                                  yes
  Does Emacs use -lfreetype?                              yes
  Does Emacs use -lm17n-flt?                              no
  Does Emacs use -lotf?                                   no
  Does Emacs use -lxft?                                   yes
  Does Emacs use -lsystemd?                               no
  Does Emacs directly use zlib?                           yes
  Does Emacs have dynamic modules support?                yes
  Does Emacs use toolkit scroll bars?                     yes
  Does Emacs support Xwidgets (requires gtk3)?            yes
  Does Emacs have threading support in lisp?              yes


configure: creating ./config.status
config.status: creating src/emacs-module.h
config.status: creating Makefile
config.status: creating lib/gnulib.mk
config.status: creating ./doc/man/emacs.1
config.status: creating lib/Makefile
config.status: creating lib-src/Makefile
config.status: creating oldXMenu/Makefile
config.status: creating doc/emacs/Makefile
config.status: creating doc/misc/Makefile
config.status: creating doc/lispintro/Makefile
config.status: creating doc/lispref/Makefile
config.status: creating src/Makefile
config.status: creating lwlib/Makefile
config.status: creating lisp/Makefile
config.status: creating leim/Makefile
config.status: creating nextstep/Makefile
config.status: creating nt/Makefile
config.status: creating test/Makefile
config.status: creating admin/charsets/Makefile
config.status: creating admin/unidata/Makefile
config.status: creating admin/grammars/Makefile
config.status: creating src/config.h
config.status: executing src/epaths.h commands
config.status: executing src/.gdbinit commands
config.status: executing doc/emacs/emacsver.texi commands
config.status: executing etc-refcards-emacsver.tex commands
configure: You might want to install GNU Mailutils
<https://mailutils.org> and use './configure --with-mailutils'.
